# JRE version: Java(TM) SE Runtime Environment (8.0_281-b09) (build 1.8.0_281-b09)
# Java VM: Java HotSpot(TM) 64-Bit Server VM (25.281-b09 mixed mode windows-amd64 compressed oops)
Heap:
 PSYoungGen      total 35840K, used 9819K [0x00000000ecd00000, 0x00000000ef880000, 0x0000000100000000)
  eden space 28160K, 27% used [0x00000000ecd00000,0x00000000ed4b0ff8,0x00000000ee880000)
  from space 7680K, 25% used [0x00000000ee900000,0x00000000eeae5e48,0x00000000ef080000)
  to   space 8192K, 0% used [0x00000000ef080000,0x00000000ef080000,0x00000000ef880000)
 ParOldGen       total 39936K, used 21813K [0x00000000c6600000, 0x00000000c8d00000, 0x00000000ecd00000)
  object space 39936K, 54% used [0x00000000c6600000,0x00000000c7b4d400,0x00000000c8d00000)
 Metaspace       used 17308K, capacity 17748K, committed 18048K, reserved 1064960K
  class space    used 2032K, capacity 2158K, committed 2176K, reserved 1048576K
GC Heap History (10 events):
Event: 6.198 GC heap before
{Heap before GC invocations=7 (full 0):
 PSYoungGen      total 20992K, used 20252K [0x00000000ecd00000, 0x00000000ef600000, 0x0000000100000000)
  eden space 15360K, 100% used [0x00000000ecd00000,0x00000000edc00000,0x00000000edc00000)
  from space 5632K, 86% used [0x00000000ee180000,0x00000000ee647130,0x00000000ee700000)
  to   space 5632K, 0% used [0x00000000edc00000,0x00000000edc00000,0x00000000ee180000)
 ParOldGen       total 39936K, used 9347K [0x00000000c6600000, 0x00000000c8d00000, 0x00000000ecd00000)
  object space 39936K, 23% used [0x00000000c6600000,0x00000000c6f20fb0,0x00000000c8d00000)
 Metaspace       used 15192K, capacity 15368K, committed 15488K, reserved 1062912K
  class space    used 1832K, capacity 1908K, committed 1920K, reserved 1048576K
Event: 6.207 GC heap after
Heap after GC invocations=7 (full 0):
 PSYoungGen      total 20992K, used 5047K [0x00000000ecd00000, 0x00000000ef700000, 0x0000000100000000)
  eden space 15360K, 0% used [0x00000000ecd00000,0x00000000ecd00000,0x00000000edc00000)
  from space 5632K, 89% used [0x00000000edc00000,0x00000000ee0edc80,0x00000000ee180000)
  to   space 6144K, 0% used [0x00000000ef100000,0x00000000ef100000,0x00000000ef700000)
 ParOldGen       total 39936K, used 10074K [0x00000000c6600000, 0x00000000c8d00000, 0x00000000ecd00000)
  object space 39936K, 25% used [0x00000000c6600000,0x00000000c6fd68e8,0x00000000c8d00000)
 Metaspace       used 15192K, capacity 15368K, committed 15488K, reserved 1062912K
  class space    used 1832K, capacity 1908K, committed 1920K, reserved 1048576K
}
Event: 7.077 GC heap before
{Heap before GC invocations=8 (full 0):
 PSYoungGen      total 20992K, used 20407K [0x00000000ecd00000, 0x00000000ef700000, 0x0000000100000000)
  eden space 15360K, 100% used [0x00000000ecd00000,0x00000000edc00000,0x00000000edc00000)
  from space 5632K, 89% used [0x00000000edc00000,0x00000000ee0edc80,0x00000000ee180000)
  to   space 6144K, 0% used [0x00000000ef100000,0x00000000ef100000,0x00000000ef700000)
 ParOldGen       total 39936K, used 10074K [0x00000000c6600000, 0x00000000c8d00000, 0x00000000ecd00000)
  object space 39936K, 25% used [0x00000000c6600000,0x00000000c6fd68e8,0x00000000c8d00000)
 Metaspace       used 15339K, capacity 15528K, committed 15872K, reserved 1062912K
  class space    used 1845K, capacity 1940K, committed 2048K, reserved 1048576K
Event: 7.084 GC heap after
Heap after GC invocations=8 (full 0):
 PSYoungGen      total 35840K, used 6128K [0x00000000ecd00000, 0x00000000ef900000, 0x0000000100000000)
  eden space 29696K, 0% used [0x00000000ecd00000,0x00000000ecd00000,0x00000000eea00000)
  from space 6144K, 99% used [0x00000000ef100000,0x00000000ef6fc010,0x00000000ef700000)
  to   space 7168K, 0% used [0x00000000eea00000,0x00000000eea00000,0x00000000ef100000)
 ParOldGen       total 39936K, used 11186K [0x00000000c6600000, 0x00000000c8d00000, 0x00000000ecd00000)
  object space 39936K, 28% used [0x00000000c6600000,0x00000000c70ecbc0,0x00000000c8d00000)
 Metaspace       used 15339K, capacity 15528K, committed 15872K, reserved 1062912K
  class space    used 1845K, capacity 1940K, committed 2048K, reserved 1048576K
}
Event: 8.588 GC heap before
{Heap before GC invocations=9 (full 0):
 PSYoungGen      total 35840K, used 35824K [0x00000000ecd00000, 0x00000000ef900000, 0x0000000100000000)
  eden space 29696K, 100% used [0x00000000ecd00000,0x00000000eea00000,0x00000000eea00000)
  from space 6144K, 99% used [0x00000000ef100000,0x00000000ef6fc010,0x00000000ef700000)
  to   space 7168K, 0% used [0x00000000eea00000,0x00000000eea00000,0x00000000ef100000)
 ParOldGen       total 39936K, used 11186K [0x00000000c6600000, 0x00000000c8d00000, 0x00000000ecd00000)
  object space 39936K, 28% used [0x00000000c6600000,0x00000000c70ecbc0,0x00000000c8d00000)
 Metaspace       used 15690K, capacity 15860K, committed 16128K, reserved 1062912K
  class space    used 1862K, capacity 1942K, committed 2048K, reserved 1048576K
Event: 8.601 GC heap after
Heap after GC invocations=9 (full 0):
 PSYoungGen      total 36352K, used 6848K [0x00000000ecd00000, 0x00000000ef880000, 0x0000000100000000)
  eden space 29184K, 0% used [0x00000000ecd00000,0x00000000ecd00000,0x00000000ee980000)
  from space 7168K, 95% used [0x00000000eea00000,0x00000000ef0b0020,0x00000000ef100000)
  to   space 7680K, 0% used [0x00000000ef100000,0x00000000ef100000,0x00000000ef880000)
 ParOldGen       total 39936K, used 13605K [0x00000000c6600000, 0x00000000c8d00000, 0x00000000ecd00000)
  object space 39936K, 34% used [0x00000000c6600000,0x00000000c7349400,0x00000000c8d00000)
 Metaspace       used 15690K, capacity 15860K, committed 16128K, reserved 1062912K
  class space    used 1862K, capacity 1942K, committed 2048K, reserved 1048576K
}
Event: 16.589 GC heap before
{Heap before GC invocations=10 (full 0):
 PSYoungGen      total 36352K, used 36032K [0x00000000ecd00000, 0x00000000ef880000, 0x0000000100000000)
  eden space 29184K, 100% used [0x00000000ecd00000,0x00000000ee980000,0x00000000ee980000)
  from space 7168K, 95% used [0x00000000eea00000,0x00000000ef0b0020,0x00000000ef100000)
  to   space 7680K, 0% used [0x00000000ef100000,0x00000000ef100000,0x00000000ef880000)
 ParOldGen       total 39936K, used 13605K [0x00000000c6600000, 0x00000000c8d00000, 0x00000000ecd00000)
  object space 39936K, 34% used [0x00000000c6600000,0x00000000c7349400,0x00000000c8d00000)
 Metaspace       used 16584K, capacity 16956K, committed 17280K, reserved 1064960K
  class space    used 1960K, capacity 2086K, committed 2176K, reserved 1048576K
Event: 16.598 GC heap after
Heap after GC invocations=10 (full 0):
 PSYoungGen      total 35840K, used 5167K [0x00000000ecd00000, 0x00000000ef800000, 0x0000000100000000)
  eden space 28672K, 0% used [0x00000000ecd00000,0x00000000ecd00000,0x00000000ee900000)
  from space 7168K, 72% used [0x00000000ef100000,0x00000000ef60be78,0x00000000ef800000)
  to   space 7680K, 0% used [0x00000000ee900000,0x00000000ee900000,0x00000000ef080000)
 ParOldGen       total 39936K, used 17269K [0x00000000c6600000, 0x00000000c8d00000, 0x00000000ecd00000)
  object space 39936K, 43% used [0x00000000c6600000,0x00000000c76dd400,0x00000000c8d00000)
 Metaspace       used 16584K, capacity 16956K, committed 17280K, reserved 1064960K
  class space    used 1960K, capacity 2086K, committed 2176K, reserved 1048576K
}
Event: 25.394 GC heap before
{Heap before GC invocations=11 (full 0):
 PSYoungGen      total 35840K, used 33839K [0x00000000ecd00000, 0x00000000ef800000, 0x0000000100000000)
  eden space 28672K, 100% used [0x00000000ecd00000,0x00000000ee900000,0x00000000ee900000)
  from space 7168K, 72% used [0x00000000ef100000,0x00000000ef60be78,0x00000000ef800000)
  to   space 7680K, 0% used [0x00000000ee900000,0x00000000ee900000,0x00000000ef080000)
 ParOldGen       total 39936K, used 17269K [0x00000000c6600000, 0x00000000c8d00000, 0x00000000ecd00000)
  object space 39936K, 43% used [0x00000000c6600000,0x00000000c76dd400,0x00000000c8d00000)
 Metaspace       used 17146K, capacity 17620K, committed 17792K, reserved 1064960K
  class space    used 2015K, capacity 2158K, committed 2176K, reserved 1048576K
Event: 25.407 GC heap after
Heap after GC invocations=11 (full 0):
 PSYoungGen      total 35840K, used 1943K [0x00000000ecd00000, 0x00000000ef880000, 0x0000000100000000)
  eden space 28160K, 0% used [0x00000000ecd00000,0x00000000ecd00000,0x00000000ee880000)
  from space 7680K, 25% used [0x00000000ee900000,0x00000000eeae5e48,0x00000000ef080000)
  to   space 8192K, 0% used [0x00000000ef080000,0x00000000ef080000,0x00000000ef880000)
 ParOldGen       total 39936K, used 21813K [0x00000000c6600000, 0x00000000c8d00000, 0x00000000ecd00000)
  object space 39936K, 54% used [0x00000000c6600000,0x00000000c7b4d400,0x00000000c8d00000)
 Metaspace       used 17146K, capacity 17620K, committed 17792K, reserved 1064960K
  class space    used 2015K, capacity 2158K, committed 2176K, reserved 1048576K
}

